<?xml version="1.0" encoding="UTF-8"?>
<testsuites>
  <testsuite name="/Users/a/development/workspace/experiments/asset-bundle/phpunit.xml" tests="25" assertions="101" errors="0" failures="0" skipped="0" time="0.101087">
    <testsuite name="unit" tests="25" assertions="101" errors="0" failures="0" skipped="0" time="0.101087">
      <testsuite name="Nkamuo\AssetBundle\Tests\Unit\Application\CommandHandler\CreateAssetProvisionCommandHandlerTest" file="/Users/a/development/workspace/experiments/asset-bundle/tests/Unit/Application/CommandHandler/CreateAssetProvisionCommandHandlerTest.php" tests="2" assertions="17" errors="0" failures="0" skipped="0" time="0.049342">
        <testcase name="testCreateAssetProvisionSuccess" file="/Users/a/development/workspace/experiments/asset-bundle/tests/Unit/Application/CommandHandler/CreateAssetProvisionCommandHandlerTest.php" line="39" class="Nkamuo\AssetBundle\Tests\Unit\Application\CommandHandler\CreateAssetProvisionCommandHandlerTest" classname="Nkamuo.AssetBundle.Tests.Unit.Application.CommandHandler.CreateAssetProvisionCommandHandlerTest" assertions="12" time="0.047227"/>
        <testcase name="testCreateAssetProvisionWithNonExistentAsset" file="/Users/a/development/workspace/experiments/asset-bundle/tests/Unit/Application/CommandHandler/CreateAssetProvisionCommandHandlerTest.php" line="101" class="Nkamuo\AssetBundle\Tests\Unit\Application\CommandHandler\CreateAssetProvisionCommandHandlerTest" classname="Nkamuo.AssetBundle.Tests.Unit.Application.CommandHandler.CreateAssetProvisionCommandHandlerTest" assertions="5" time="0.002115"/>
      </testsuite>
      <testsuite name="Nkamuo\AssetBundle\Tests\Unit\Domain\Entity\AssetProvisionTest" file="/Users/a/development/workspace/experiments/asset-bundle/tests/Unit/Domain/Entity/AssetProvisionTest.php" tests="8" assertions="37" errors="0" failures="0" skipped="0" time="0.010873">
        <testcase name="testAssetProvisionCreation" file="/Users/a/development/workspace/experiments/asset-bundle/tests/Unit/Domain/Entity/AssetProvisionTest.php" line="23" class="Nkamuo\AssetBundle\Tests\Unit\Domain\Entity\AssetProvisionTest" classname="Nkamuo.AssetBundle.Tests.Unit.Domain.Entity.AssetProvisionTest" assertions="10" time="0.003602"/>
        <testcase name="testProvisionStatusTransition" file="/Users/a/development/workspace/experiments/asset-bundle/tests/Unit/Domain/Entity/AssetProvisionTest.php" line="57" class="Nkamuo\AssetBundle\Tests\Unit\Domain\Entity\AssetProvisionTest" classname="Nkamuo.AssetBundle.Tests.Unit.Domain.Entity.AssetProvisionTest" assertions="7" time="0.000784"/>
        <testcase name="testProvisionTermsManagement" file="/Users/a/development/workspace/experiments/asset-bundle/tests/Unit/Domain/Entity/AssetProvisionTest.php" line="88" class="Nkamuo\AssetBundle\Tests\Unit\Domain\Entity\AssetProvisionTest" classname="Nkamuo.AssetBundle.Tests.Unit.Domain.Entity.AssetProvisionTest" assertions="2" time="0.000325"/>
        <testcase name="testProvisionMetadataManagement" file="/Users/a/development/workspace/experiments/asset-bundle/tests/Unit/Domain/Entity/AssetProvisionTest.php" line="105" class="Nkamuo\AssetBundle\Tests\Unit\Domain\Entity\AssetProvisionTest" classname="Nkamuo.AssetBundle.Tests.Unit.Domain.Entity.AssetProvisionTest" assertions="2" time="0.000541"/>
        <testcase name="testGetDuration" file="/Users/a/development/workspace/experiments/asset-bundle/tests/Unit/Domain/Entity/AssetProvisionTest.php" line="122" class="Nkamuo\AssetBundle\Tests\Unit\Domain\Entity\AssetProvisionTest" classname="Nkamuo.AssetBundle.Tests.Unit.Domain.Entity.AssetProvisionTest" assertions="2" time="0.000926"/>
        <testcase name="testGetRemainingDuration" file="/Users/a/development/workspace/experiments/asset-bundle/tests/Unit/Domain/Entity/AssetProvisionTest.php" line="142" class="Nkamuo\AssetBundle\Tests\Unit\Domain\Entity\AssetProvisionTest" classname="Nkamuo.AssetBundle.Tests.Unit.Domain.Entity.AssetProvisionTest" assertions="3" time="0.000792"/>
        <testcase name="testIsActiveAt" file="/Users/a/development/workspace/experiments/asset-bundle/tests/Unit/Domain/Entity/AssetProvisionTest.php" line="164" class="Nkamuo\AssetBundle\Tests\Unit\Domain\Entity\AssetProvisionTest" classname="Nkamuo.AssetBundle.Tests.Unit.Domain.Entity.AssetProvisionTest" assertions="5" time="0.003456"/>
        <testcase name="testGetTermAndMetadataValues" file="/Users/a/development/workspace/experiments/asset-bundle/tests/Unit/Domain/Entity/AssetProvisionTest.php" line="187" class="Nkamuo\AssetBundle\Tests\Unit\Domain\Entity\AssetProvisionTest" classname="Nkamuo.AssetBundle.Tests.Unit.Domain.Entity.AssetProvisionTest" assertions="6" time="0.000447"/>
      </testsuite>
      <testsuite name="Nkamuo\AssetBundle\Tests\Unit\Domain\Entity\AssetRateCardTest" file="/Users/a/development/workspace/experiments/asset-bundle/tests/Unit/Domain/Entity/AssetRateCardTest.php" tests="9" assertions="24" errors="0" failures="0" skipped="0" time="0.036726">
        <testcase name="testAssetRateCardCreation" file="/Users/a/development/workspace/experiments/asset-bundle/tests/Unit/Domain/Entity/AssetRateCardTest.php" line="24" class="Nkamuo\AssetBundle\Tests\Unit\Domain\Entity\AssetRateCardTest" classname="Nkamuo.AssetBundle.Tests.Unit.Domain.Entity.AssetRateCardTest" assertions="8" time="0.009789"/>
        <testcase name="testFixedMonthlyRateCalculation" file="/Users/a/development/workspace/experiments/asset-bundle/tests/Unit/Domain/Entity/AssetRateCardTest.php" line="54" class="Nkamuo\AssetBundle\Tests\Unit\Domain\Entity\AssetRateCardTest" classname="Nkamuo.AssetBundle.Tests.Unit.Domain.Entity.AssetRateCardTest" assertions="1" time="0.000478"/>
        <testcase name="testPerMileRateCalculation" file="/Users/a/development/workspace/experiments/asset-bundle/tests/Unit/Domain/Entity/AssetRateCardTest.php" line="66" class="Nkamuo\AssetBundle\Tests\Unit\Domain\Entity\AssetRateCardTest" classname="Nkamuo.AssetBundle.Tests.Unit.Domain.Entity.AssetRateCardTest" assertions="1" time="0.024874"/>
        <testcase name="testPercentageRevenueCalculation" file="/Users/a/development/workspace/experiments/asset-bundle/tests/Unit/Domain/Entity/AssetRateCardTest.php" line="78" class="Nkamuo\AssetBundle\Tests\Unit\Domain\Entity\AssetRateCardTest" classname="Nkamuo.AssetBundle.Tests.Unit.Domain.Entity.AssetRateCardTest" assertions="1" time="0.000360"/>
        <testcase name="testTieredRateCalculation" file="/Users/a/development/workspace/experiments/asset-bundle/tests/Unit/Domain/Entity/AssetRateCardTest.php" line="94" class="Nkamuo\AssetBundle\Tests\Unit\Domain\Entity\AssetRateCardTest" classname="Nkamuo.AssetBundle.Tests.Unit.Domain.Entity.AssetRateCardTest" assertions="1" time="0.000271"/>
        <testcase name="testRateCardActiveStatus" file="/Users/a/development/workspace/experiments/asset-bundle/tests/Unit/Domain/Entity/AssetRateCardTest.php" line="101" class="Nkamuo\AssetBundle\Tests\Unit\Domain\Entity\AssetRateCardTest" classname="Nkamuo.AssetBundle.Tests.Unit.Domain.Entity.AssetRateCardTest" assertions="5" time="0.000257"/>
        <testcase name="testRateCardMetadataManagement" file="/Users/a/development/workspace/experiments/asset-bundle/tests/Unit/Domain/Entity/AssetRateCardTest.php" line="122" class="Nkamuo\AssetBundle\Tests\Unit\Domain\Entity\AssetRateCardTest" classname="Nkamuo.AssetBundle.Tests.Unit.Domain.Entity.AssetRateCardTest" assertions="2" time="0.000210"/>
        <testcase name="testGetMetadataValues" file="/Users/a/development/workspace/experiments/asset-bundle/tests/Unit/Domain/Entity/AssetRateCardTest.php" line="139" class="Nkamuo\AssetBundle\Tests\Unit\Domain\Entity\AssetRateCardTest" classname="Nkamuo.AssetBundle.Tests.Unit.Domain.Entity.AssetRateCardTest" assertions="3" time="0.000210"/>
        <testcase name="testRateCardWithMinimumAndMaximumCharges" file="/Users/a/development/workspace/experiments/asset-bundle/tests/Unit/Domain/Entity/AssetRateCardTest.php" line="159" class="Nkamuo\AssetBundle\Tests\Unit\Domain\Entity\AssetRateCardTest" classname="Nkamuo.AssetBundle.Tests.Unit.Domain.Entity.AssetRateCardTest" assertions="2" time="0.000277"/>
      </testsuite>
      <testsuite name="Nkamuo\AssetBundle\Tests\Unit\Domain\Entity\AssetTest" file="/Users/a/development/workspace/experiments/asset-bundle/tests/Unit/Domain/Entity/AssetTest.php" tests="6" assertions="23" errors="0" failures="0" skipped="0" time="0.004146">
        <testcase name="testAssetCreation" file="/Users/a/development/workspace/experiments/asset-bundle/tests/Unit/Domain/Entity/AssetTest.php" line="21" class="Nkamuo\AssetBundle\Tests\Unit\Domain\Entity\AssetTest" classname="Nkamuo.AssetBundle.Tests.Unit.Domain.Entity.AssetTest" assertions="9" time="0.000959"/>
        <testcase name="testAssetStatusTransition" file="/Users/a/development/workspace/experiments/asset-bundle/tests/Unit/Domain/Entity/AssetTest.php" line="50" class="Nkamuo\AssetBundle\Tests\Unit\Domain\Entity\AssetTest" classname="Nkamuo.AssetBundle.Tests.Unit.Domain.Entity.AssetTest" assertions="5" time="0.000721"/>
        <testcase name="testOperatorAssignment" file="/Users/a/development/workspace/experiments/asset-bundle/tests/Unit/Domain/Entity/AssetTest.php" line="65" class="Nkamuo\AssetBundle\Tests\Unit\Domain\Entity\AssetTest" classname="Nkamuo.AssetBundle.Tests.Unit.Domain.Entity.AssetTest" assertions="3" time="0.000349"/>
        <testcase name="testSpecificationsManagement" file="/Users/a/development/workspace/experiments/asset-bundle/tests/Unit/Domain/Entity/AssetTest.php" line="79" class="Nkamuo\AssetBundle\Tests\Unit\Domain\Entity\AssetTest" classname="Nkamuo.AssetBundle.Tests.Unit.Domain.Entity.AssetTest" assertions="2" time="0.001531"/>
        <testcase name="testIdentifiersManagement" file="/Users/a/development/workspace/experiments/asset-bundle/tests/Unit/Domain/Entity/AssetTest.php" line="96" class="Nkamuo\AssetBundle\Tests\Unit\Domain\Entity\AssetTest" classname="Nkamuo.AssetBundle.Tests.Unit.Domain.Entity.AssetTest" assertions="2" time="0.000387"/>
        <testcase name="testMetadataManagement" file="/Users/a/development/workspace/experiments/asset-bundle/tests/Unit/Domain/Entity/AssetTest.php" line="112" class="Nkamuo\AssetBundle\Tests\Unit\Domain\Entity\AssetTest" classname="Nkamuo.AssetBundle.Tests.Unit.Domain.Entity.AssetTest" assertions="2" time="0.000199"/>
      </testsuite>
    </testsuite>
  </testsuite>
</testsuites>
