<?xml version="1.0" encoding="UTF-8"?>
<testsuites>
  <testsuite name="Nkamuo\AssetBundle\Tests\Integration\DynamicAttributeSystemIntegrationTest" file="/Users/a/development/workspace/experiments/asset-bundle/tests/Integration/DynamicAttributeSystemIntegrationTest.php" tests="2" assertions="0" errors="2" failures="0" skipped="0" time="0.038202">
    <testcase name="testCompleteAttributeWorkflow" file="/Users/a/development/workspace/experiments/asset-bundle/tests/Integration/DynamicAttributeSystemIntegrationTest.php" line="59" class="Nkamuo\AssetBundle\Tests\Integration\DynamicAttributeSystemIntegrationTest" classname="Nkamuo.AssetBundle.Tests.Integration.DynamicAttributeSystemIntegrationTest" assertions="0" time="0.034198">
      <error type="InvalidArgumentException">Nkamuo\AssetBundle\Tests\Integration\DynamicAttributeSystemIntegrationTest::testCompleteAttributeWorkflow
InvalidArgumentException: Attribute key 'vehicle_make' already exists

/Users/a/development/workspace/experiments/asset-bundle/src/Application/CommandHandler/CreateAssetAttributeDefinitionCommandHandler.php:24
/Users/a/development/workspace/experiments/asset-bundle/tests/Integration/DynamicAttributeSystemIntegrationTest.php:134</error>
    </testcase>
    <testcase name="testAttributeSearchAndStatistics" file="/Users/a/development/workspace/experiments/asset-bundle/tests/Integration/DynamicAttributeSystemIntegrationTest.php" line="245" class="Nkamuo\AssetBundle\Tests\Integration\DynamicAttributeSystemIntegrationTest" classname="Nkamuo.AssetBundle.Tests.Integration.DynamicAttributeSystemIntegrationTest" assertions="0" time="0.004004">
      <error type="InvalidArgumentException">Nkamuo\AssetBundle\Tests\Integration\DynamicAttributeSystemIntegrationTest::testAttributeSearchAndStatistics
InvalidArgumentException: Attribute key 'make' already exists

/Users/a/development/workspace/experiments/asset-bundle/src/Application/CommandHandler/CreateAssetAttributeDefinitionCommandHandler.php:24
/Users/a/development/workspace/experiments/asset-bundle/tests/Integration/DynamicAttributeSystemIntegrationTest.php:268</error>
    </testcase>
  </testsuite>
</testsuites>
